2020-12-20 12:43:21,605 ERROR 6792 [-/127.0.0.1/-/49069ms GET /] nodejs.TypeError: Cannot read property 'get' of undefined
    at module.exports.getProvinces (F:\vscode\egg\app\service\local.js:4:48)
    at module.exports.index (F:\vscode\egg\app\controller\home.js:5:56)
    at Object.callFn (F:\vscode\egg\node_modules\egg-core\lib\utils\index.js:44:21)
    at Object.classControllerMiddleware (F:\vscode\egg\node_modules\egg-core\lib\loader\mixin\controller.js:87:20)
    at Object.callFn (F:\vscode\egg\node_modules\@eggjs\router\lib\utils.js:12:21)
    at wrappedController (F:\vscode\egg\node_modules\@eggjs\router\lib\egg_router.js:322:18)
    at dispatch (F:\vscode\egg\node_modules\koa-compose\index.js:44:32)
    at next (F:\vscode\egg\node_modules\koa-compose\index.js:45:18)
    at F:\vscode\egg\app\middleware\verifyToken.js:12:19
    at processTicksAndRejections (internal/process/task_queues.js:97:5)

pid: 6792
hostname: USER-20200322BW

2020-12-20 12:43:21,778 ERROR 6792 [-/undefined/-/123ms GET /] nodejs.TypeError: Cannot read property 'get' of undefined
    at module.exports.getProvinces (F:\vscode\egg\app\service\local.js:4:48)
    at module.exports.index (F:\vscode\egg\app\controller\home.js:5:56)
    at Object.callFn (F:\vscode\egg\node_modules\egg-core\lib\utils\index.js:44:21)
    at Object.classControllerMiddleware (F:\vscode\egg\node_modules\egg-core\lib\loader\mixin\controller.js:87:20)
    at Object.callFn (F:\vscode\egg\node_modules\@eggjs\router\lib\utils.js:12:21)
    at wrappedController (F:\vscode\egg\node_modules\@eggjs\router\lib\egg_router.js:322:18)
    at dispatch (F:\vscode\egg\node_modules\koa-compose\index.js:44:32)
    at next (F:\vscode\egg\node_modules\koa-compose\index.js:45:18)
    at F:\vscode\egg\app\middleware\verifyToken.js:12:19
    at processTicksAndRejections (internal/process/task_queues.js:97:5)
headerSent: true
pid: 6792
hostname: USER-20200322BW

2020-12-20 12:43:46,967 ERROR 6096 [-/127.0.0.1/-/143ms GET /] nodejs.TypeError: Cannot read property 'get' of undefined
    at module.exports.getProvinces (F:\vscode\egg\app\service\local.js:4:48)
    at module.exports.index (F:\vscode\egg\app\controller\home.js:5:56)
    at Object.callFn (F:\vscode\egg\node_modules\egg-core\lib\utils\index.js:44:21)
    at Object.classControllerMiddleware (F:\vscode\egg\node_modules\egg-core\lib\loader\mixin\controller.js:87:20)
    at Object.callFn (F:\vscode\egg\node_modules\@eggjs\router\lib\utils.js:12:21)
    at wrappedController (F:\vscode\egg\node_modules\@eggjs\router\lib\egg_router.js:322:18)
    at dispatch (F:\vscode\egg\node_modules\koa-compose\index.js:44:32)
    at next (F:\vscode\egg\node_modules\koa-compose\index.js:45:18)
    at F:\vscode\egg\app\middleware\verifyToken.js:12:19
    at processTicksAndRejections (internal/process/task_queues.js:97:5)

pid: 6096
hostname: USER-20200322BW

2020-12-20 12:43:57,031 ERROR 6096 [-/127.0.0.1/-/111ms GET /] nodejs.TypeError: Cannot read property 'get' of undefined
    at module.exports.getProvinces (F:\vscode\egg\app\service\local.js:4:48)
    at module.exports.index (F:\vscode\egg\app\controller\home.js:5:56)
    at Object.callFn (F:\vscode\egg\node_modules\egg-core\lib\utils\index.js:44:21)
    at Object.classControllerMiddleware (F:\vscode\egg\node_modules\egg-core\lib\loader\mixin\controller.js:87:20)
    at Object.callFn (F:\vscode\egg\node_modules\@eggjs\router\lib\utils.js:12:21)
    at wrappedController (F:\vscode\egg\node_modules\@eggjs\router\lib\egg_router.js:322:18)
    at dispatch (F:\vscode\egg\node_modules\koa-compose\index.js:44:32)
    at next (F:\vscode\egg\node_modules\koa-compose\index.js:45:18)
    at F:\vscode\egg\app\middleware\verifyToken.js:12:19
    at processTicksAndRejections (internal/process/task_queues.js:97:5)

pid: 6096
hostname: USER-20200322BW

